Compiling the C compiler identification source file "CMakeCCompilerId.c" failed.
Compiler:  
Build flags: 
Id flags:  

The output was:
1
.NET Framework용 Microsoft (R) Build Engine 버전 15.9.21+g9802d43bc3
Copyright (C) Microsoft Corporation. All rights reserved.

빌드 시작: 2022-01-27 오전 8:27:35
1 노드의 "Z:\home\jenkins\Projects\MetatagEX\CMakeFiles\3.22.1\CompilerIdC\CompilerIdC.vcxproj" 프로젝트(기본 대상)입니다.
PrepareForBuild:
  "Debug\" 디렉터리를 만들고 있습니다.
  "Debug\CompilerIdC.tlog\" 디렉터리를 만들고 있습니다.
InitializeBuildStatus:
  "AlwaysCreate"이(가) 지정되었기 때문에 "Debug\CompilerIdC.tlog\unsuccessfulbuild"을(를) 만들고 있습니다.
VcpkgTripletSelection:
  Using triplet "x64-windows" from "D:\vcpkg\installed\x64-windows\"
ClCompile:
  C:\Program Files (x86)\Microsoft Visual Studio\2017\Professional\VC\Tools\MSVC\14.16.27023\bin\HostX86\x64\CL.exe /c /I"D:\vcpkg\installed\x64-windows\include" /nologo /W0 /WX- /diagnostics:classic /Od /D _MBCS /Gm- /EHsc /RTC1 /MDd /GS /fp:precise /Zc:wchar_t /Zc:forScope /Zc:inline /Fo"Debug\\" /Fd"Debug\vc141.pdb" /Gd /TC /FC /errorReport:queue CMakeCCompilerId.c
  CMakeCCompilerId.c
c1 : fatal error C1083: 소스 파일을 열 수 없습니다. 'CMakeCCompilerId.c': No such file or directory [Z:\home\jenkins\Projects\MetatagEX\CMakeFiles\3.22.1\CompilerIdC\CompilerIdC.vcxproj]
"Z:\home\jenkins\Projects\MetatagEX\CMakeFiles\3.22.1\CompilerIdC\CompilerIdC.vcxproj" 프로젝트를 빌드했습니다(기본 대상). - 실패

빌드하지 못했습니다.

"Z:\home\jenkins\Projects\MetatagEX\CMakeFiles\3.22.1\CompilerIdC\CompilerIdC.vcxproj"(기본 대상)(1)->
(ClCompile 대상) -> 
  c1 : fatal error C1083: 소스 파일을 열 수 없습니다. 'CMakeCCompilerId.c': No such file or directory [Z:\home\jenkins\Projects\MetatagEX\CMakeFiles\3.22.1\CompilerIdC\CompilerIdC.vcxproj]

    경고 0개
    오류 1개

경과 시간: 00:00:00.62


Compiling the C compiler identification source file "CMakeCCompilerId.c" failed.
Compiler:  
Build flags: 
Id flags:  

The output was:
1
.NET Framework용 Microsoft (R) Build Engine 버전 15.9.21+g9802d43bc3
Copyright (C) Microsoft Corporation. All rights reserved.

빌드 시작: 2022-01-27 오전 8:27:36
1 노드의 "Z:\home\jenkins\Projects\MetatagEX\CMakeFiles\3.22.1\CompilerIdC\CompilerIdC.vcxproj" 프로젝트(기본 대상)입니다.
PrepareForBuild:
  "Debug\" 디렉터리를 만들고 있습니다.
  "Debug\CompilerIdC.tlog\" 디렉터리를 만들고 있습니다.
InitializeBuildStatus:
  "AlwaysCreate"이(가) 지정되었기 때문에 "Debug\CompilerIdC.tlog\unsuccessfulbuild"을(를) 만들고 있습니다.
VcpkgTripletSelection:
  Using triplet "x64-windows" from "D:\vcpkg\installed\x64-windows\"
ClCompile:
  C:\Program Files (x86)\Microsoft Visual Studio\2017\Professional\VC\Tools\MSVC\14.16.27023\bin\HostX86\x64\CL.exe /c /I"D:\vcpkg\installed\x64-windows\include" /nologo /W0 /WX- /diagnostics:classic /Od /D _MBCS /Gm- /EHsc /RTC1 /MDd /GS /fp:precise /Zc:wchar_t /Zc:forScope /Zc:inline /Fo"Debug\\" /Fd"Debug\vc141.pdb" /Gd /TC /FC /errorReport:queue CMakeCCompilerId.c
  CMakeCCompilerId.c
c1 : fatal error C1083: 소스 파일을 열 수 없습니다. 'CMakeCCompilerId.c': No such file or directory [Z:\home\jenkins\Projects\MetatagEX\CMakeFiles\3.22.1\CompilerIdC\CompilerIdC.vcxproj]
"Z:\home\jenkins\Projects\MetatagEX\CMakeFiles\3.22.1\CompilerIdC\CompilerIdC.vcxproj" 프로젝트를 빌드했습니다(기본 대상). - 실패

빌드하지 못했습니다.

"Z:\home\jenkins\Projects\MetatagEX\CMakeFiles\3.22.1\CompilerIdC\CompilerIdC.vcxproj"(기본 대상)(1)->
(ClCompile 대상) -> 
  c1 : fatal error C1083: 소스 파일을 열 수 없습니다. 'CMakeCCompilerId.c': No such file or directory [Z:\home\jenkins\Projects\MetatagEX\CMakeFiles\3.22.1\CompilerIdC\CompilerIdC.vcxproj]

    경고 0개
    오류 1개

경과 시간: 00:00:00.40


Compiling the CXX compiler identification source file "CMakeCXXCompilerId.cpp" failed.
Compiler:  
Build flags: 
Id flags:  

The output was:
1
.NET Framework용 Microsoft (R) Build Engine 버전 15.9.21+g9802d43bc3
Copyright (C) Microsoft Corporation. All rights reserved.

빌드 시작: 2022-01-27 오전 8:27:36
1 노드의 "Z:\home\jenkins\Projects\MetatagEX\CMakeFiles\3.22.1\CompilerIdCXX\CompilerIdCXX.vcxproj" 프로젝트(기본 대상)입니다.
PrepareForBuild:
  "Debug\" 디렉터리를 만들고 있습니다.
  "Debug\CompilerIdCXX.tlog\" 디렉터리를 만들고 있습니다.
InitializeBuildStatus:
  "AlwaysCreate"이(가) 지정되었기 때문에 "Debug\CompilerIdCXX.tlog\unsuccessfulbuild"을(를) 만들고 있습니다.
VcpkgTripletSelection:
  Using triplet "x64-windows" from "D:\vcpkg\installed\x64-windows\"
ClCompile:
  C:\Program Files (x86)\Microsoft Visual Studio\2017\Professional\VC\Tools\MSVC\14.16.27023\bin\HostX86\x64\CL.exe /c /I"D:\vcpkg\installed\x64-windows\include" /nologo /W0 /WX- /diagnostics:classic /Od /D _MBCS /Gm- /EHsc /RTC1 /MDd /GS /fp:precise /Zc:wchar_t /Zc:forScope /Zc:inline /Fo"Debug\\" /Fd"Debug\vc141.pdb" /Gd /TP /FC /errorReport:queue CMakeCXXCompilerId.cpp
  CMakeCXXCompilerId.cpp
c1xx : fatal error C1083: 소스 파일을 열 수 없습니다. 'CMakeCXXCompilerId.cpp': No such file or directory [Z:\home\jenkins\Projects\MetatagEX\CMakeFiles\3.22.1\CompilerIdCXX\CompilerIdCXX.vcxproj]
"Z:\home\jenkins\Projects\MetatagEX\CMakeFiles\3.22.1\CompilerIdCXX\CompilerIdCXX.vcxproj" 프로젝트를 빌드했습니다(기본 대상). - 실패

빌드하지 못했습니다.

"Z:\home\jenkins\Projects\MetatagEX\CMakeFiles\3.22.1\CompilerIdCXX\CompilerIdCXX.vcxproj"(기본 대상)(1)->
(ClCompile 대상) -> 
  c1xx : fatal error C1083: 소스 파일을 열 수 없습니다. 'CMakeCXXCompilerId.cpp': No such file or directory [Z:\home\jenkins\Projects\MetatagEX\CMakeFiles\3.22.1\CompilerIdCXX\CompilerIdCXX.vcxproj]

    경고 0개
    오류 1개

경과 시간: 00:00:00.43


Compiling the CXX compiler identification source file "CMakeCXXCompilerId.cpp" failed.
Compiler:  
Build flags: 
Id flags:  

The output was:
1
.NET Framework용 Microsoft (R) Build Engine 버전 15.9.21+g9802d43bc3
Copyright (C) Microsoft Corporation. All rights reserved.

빌드 시작: 2022-01-27 오전 8:27:37
1 노드의 "Z:\home\jenkins\Projects\MetatagEX\CMakeFiles\3.22.1\CompilerIdCXX\CompilerIdCXX.vcxproj" 프로젝트(기본 대상)입니다.
PrepareForBuild:
  "Debug\" 디렉터리를 만들고 있습니다.
  "Debug\CompilerIdCXX.tlog\" 디렉터리를 만들고 있습니다.
InitializeBuildStatus:
  "AlwaysCreate"이(가) 지정되었기 때문에 "Debug\CompilerIdCXX.tlog\unsuccessfulbuild"을(를) 만들고 있습니다.
VcpkgTripletSelection:
  Using triplet "x64-windows" from "D:\vcpkg\installed\x64-windows\"
ClCompile:
  C:\Program Files (x86)\Microsoft Visual Studio\2017\Professional\VC\Tools\MSVC\14.16.27023\bin\HostX86\x64\CL.exe /c /I"D:\vcpkg\installed\x64-windows\include" /nologo /W0 /WX- /diagnostics:classic /Od /D _MBCS /Gm- /EHsc /RTC1 /MDd /GS /fp:precise /Zc:wchar_t /Zc:forScope /Zc:inline /Fo"Debug\\" /Fd"Debug\vc141.pdb" /Gd /TP /FC /errorReport:queue CMakeCXXCompilerId.cpp
  CMakeCXXCompilerId.cpp
c1xx : fatal error C1083: 소스 파일을 열 수 없습니다. 'CMakeCXXCompilerId.cpp': No such file or directory [Z:\home\jenkins\Projects\MetatagEX\CMakeFiles\3.22.1\CompilerIdCXX\CompilerIdCXX.vcxproj]
"Z:\home\jenkins\Projects\MetatagEX\CMakeFiles\3.22.1\CompilerIdCXX\CompilerIdCXX.vcxproj" 프로젝트를 빌드했습니다(기본 대상). - 실패

빌드하지 못했습니다.

"Z:\home\jenkins\Projects\MetatagEX\CMakeFiles\3.22.1\CompilerIdCXX\CompilerIdCXX.vcxproj"(기본 대상)(1)->
(ClCompile 대상) -> 
  c1xx : fatal error C1083: 소스 파일을 열 수 없습니다. 'CMakeCXXCompilerId.cpp': No such file or directory [Z:\home\jenkins\Projects\MetatagEX\CMakeFiles\3.22.1\CompilerIdCXX\CompilerIdCXX.vcxproj]

    경고 0개
    오류 1개

경과 시간: 00:00:00.40


Compiling the C compiler identification source file "CMakeCCompilerId.c" failed.
Compiler:  
Build flags: 
Id flags:  

The output was:
1
.NET Framework용 Microsoft (R) Build Engine 버전 15.9.21+g9802d43bc3
Copyright (C) Microsoft Corporation. All rights reserved.

빌드 시작: 2022-01-27 오전 8:27:38
1 노드의 "Z:\home\jenkins\Projects\MetatagEX\CMakeFiles\3.22.1\CompilerIdC\CompilerIdC.vcxproj" 프로젝트(기본 대상)입니다.
PrepareForBuild:
  "Debug\" 디렉터리를 만들고 있습니다.
  "Debug\CompilerIdC.tlog\" 디렉터리를 만들고 있습니다.
InitializeBuildStatus:
  "AlwaysCreate"이(가) 지정되었기 때문에 "Debug\CompilerIdC.tlog\unsuccessfulbuild"을(를) 만들고 있습니다.
VcpkgTripletSelection:
  Using triplet "x64-windows" from "D:\vcpkg\installed\x64-windows\"
ClCompile:
  C:\Program Files (x86)\Microsoft Visual Studio\2017\Professional\VC\Tools\MSVC\14.16.27023\bin\HostX86\x64\CL.exe /c /I"D:\vcpkg\installed\x64-windows\include" /nologo /W0 /WX- /diagnostics:classic /Od /D _MBCS /Gm- /EHsc /RTC1 /MDd /GS /fp:precise /Zc:wchar_t /Zc:forScope /Zc:inline /Fo"Debug\\" /Fd"Debug\vc141.pdb" /Gd /TC /FC /errorReport:queue CMakeCCompilerId.c
  CMakeCCompilerId.c
c1 : fatal error C1083: 소스 파일을 열 수 없습니다. 'CMakeCCompilerId.c': No such file or directory [Z:\home\jenkins\Projects\MetatagEX\CMakeFiles\3.22.1\CompilerIdC\CompilerIdC.vcxproj]
"Z:\home\jenkins\Projects\MetatagEX\CMakeFiles\3.22.1\CompilerIdC\CompilerIdC.vcxproj" 프로젝트를 빌드했습니다(기본 대상). - 실패

빌드하지 못했습니다.

"Z:\home\jenkins\Projects\MetatagEX\CMakeFiles\3.22.1\CompilerIdC\CompilerIdC.vcxproj"(기본 대상)(1)->
(ClCompile 대상) -> 
  c1 : fatal error C1083: 소스 파일을 열 수 없습니다. 'CMakeCCompilerId.c': No such file or directory [Z:\home\jenkins\Projects\MetatagEX\CMakeFiles\3.22.1\CompilerIdC\CompilerIdC.vcxproj]

    경고 0개
    오류 1개

경과 시간: 00:00:00.45


Compiling the C compiler identification source file "CMakeCCompilerId.c" failed.
Compiler:  
Build flags: 
Id flags:  

The output was:
1
.NET Framework용 Microsoft (R) Build Engine 버전 15.9.21+g9802d43bc3
Copyright (C) Microsoft Corporation. All rights reserved.

빌드 시작: 2022-01-27 오전 8:27:39
1 노드의 "Z:\home\jenkins\Projects\MetatagEX\CMakeFiles\3.22.1\CompilerIdC\CompilerIdC.vcxproj" 프로젝트(기본 대상)입니다.
PrepareForBuild:
  "Debug\" 디렉터리를 만들고 있습니다.
  "Debug\CompilerIdC.tlog\" 디렉터리를 만들고 있습니다.
InitializeBuildStatus:
  "AlwaysCreate"이(가) 지정되었기 때문에 "Debug\CompilerIdC.tlog\unsuccessfulbuild"을(를) 만들고 있습니다.
VcpkgTripletSelection:
  Using triplet "x64-windows" from "D:\vcpkg\installed\x64-windows\"
ClCompile:
  C:\Program Files (x86)\Microsoft Visual Studio\2017\Professional\VC\Tools\MSVC\14.16.27023\bin\HostX86\x64\CL.exe /c /I"D:\vcpkg\installed\x64-windows\include" /nologo /W0 /WX- /diagnostics:classic /Od /D _MBCS /Gm- /EHsc /RTC1 /MDd /GS /fp:precise /Zc:wchar_t /Zc:forScope /Zc:inline /Fo"Debug\\" /Fd"Debug\vc141.pdb" /Gd /TC /FC /errorReport:queue CMakeCCompilerId.c
  CMakeCCompilerId.c
c1 : fatal error C1083: 소스 파일을 열 수 없습니다. 'CMakeCCompilerId.c': No such file or directory [Z:\home\jenkins\Projects\MetatagEX\CMakeFiles\3.22.1\CompilerIdC\CompilerIdC.vcxproj]
"Z:\home\jenkins\Projects\MetatagEX\CMakeFiles\3.22.1\CompilerIdC\CompilerIdC.vcxproj" 프로젝트를 빌드했습니다(기본 대상). - 실패

빌드하지 못했습니다.

"Z:\home\jenkins\Projects\MetatagEX\CMakeFiles\3.22.1\CompilerIdC\CompilerIdC.vcxproj"(기본 대상)(1)->
(ClCompile 대상) -> 
  c1 : fatal error C1083: 소스 파일을 열 수 없습니다. 'CMakeCCompilerId.c': No such file or directory [Z:\home\jenkins\Projects\MetatagEX\CMakeFiles\3.22.1\CompilerIdC\CompilerIdC.vcxproj]

    경고 0개
    오류 1개

경과 시간: 00:00:00.40


Compiling the CXX compiler identification source file "CMakeCXXCompilerId.cpp" failed.
Compiler:  
Build flags: 
Id flags:  

The output was:
1
.NET Framework용 Microsoft (R) Build Engine 버전 15.9.21+g9802d43bc3
Copyright (C) Microsoft Corporation. All rights reserved.

빌드 시작: 2022-01-27 오전 8:27:40
1 노드의 "Z:\home\jenkins\Projects\MetatagEX\CMakeFiles\3.22.1\CompilerIdCXX\CompilerIdCXX.vcxproj" 프로젝트(기본 대상)입니다.
PrepareForBuild:
  "Debug\" 디렉터리를 만들고 있습니다.
  "Debug\CompilerIdCXX.tlog\" 디렉터리를 만들고 있습니다.
InitializeBuildStatus:
  "AlwaysCreate"이(가) 지정되었기 때문에 "Debug\CompilerIdCXX.tlog\unsuccessfulbuild"을(를) 만들고 있습니다.
VcpkgTripletSelection:
  Using triplet "x64-windows" from "D:\vcpkg\installed\x64-windows\"
ClCompile:
  C:\Program Files (x86)\Microsoft Visual Studio\2017\Professional\VC\Tools\MSVC\14.16.27023\bin\HostX86\x64\CL.exe /c /I"D:\vcpkg\installed\x64-windows\include" /nologo /W0 /WX- /diagnostics:classic /Od /D _MBCS /Gm- /EHsc /RTC1 /MDd /GS /fp:precise /Zc:wchar_t /Zc:forScope /Zc:inline /Fo"Debug\\" /Fd"Debug\vc141.pdb" /Gd /TP /FC /errorReport:queue CMakeCXXCompilerId.cpp
  CMakeCXXCompilerId.cpp
c1xx : fatal error C1083: 소스 파일을 열 수 없습니다. 'CMakeCXXCompilerId.cpp': No such file or directory [Z:\home\jenkins\Projects\MetatagEX\CMakeFiles\3.22.1\CompilerIdCXX\CompilerIdCXX.vcxproj]
"Z:\home\jenkins\Projects\MetatagEX\CMakeFiles\3.22.1\CompilerIdCXX\CompilerIdCXX.vcxproj" 프로젝트를 빌드했습니다(기본 대상). - 실패

빌드하지 못했습니다.

"Z:\home\jenkins\Projects\MetatagEX\CMakeFiles\3.22.1\CompilerIdCXX\CompilerIdCXX.vcxproj"(기본 대상)(1)->
(ClCompile 대상) -> 
  c1xx : fatal error C1083: 소스 파일을 열 수 없습니다. 'CMakeCXXCompilerId.cpp': No such file or directory [Z:\home\jenkins\Projects\MetatagEX\CMakeFiles\3.22.1\CompilerIdCXX\CompilerIdCXX.vcxproj]

    경고 0개
    오류 1개

경과 시간: 00:00:00.40


Compiling the CXX compiler identification source file "CMakeCXXCompilerId.cpp" failed.
Compiler:  
Build flags: 
Id flags:  

The output was:
1
.NET Framework용 Microsoft (R) Build Engine 버전 15.9.21+g9802d43bc3
Copyright (C) Microsoft Corporation. All rights reserved.

빌드 시작: 2022-01-27 오전 8:27:40
1 노드의 "Z:\home\jenkins\Projects\MetatagEX\CMakeFiles\3.22.1\CompilerIdCXX\CompilerIdCXX.vcxproj" 프로젝트(기본 대상)입니다.
PrepareForBuild:
  "Debug\" 디렉터리를 만들고 있습니다.
  "Debug\CompilerIdCXX.tlog\" 디렉터리를 만들고 있습니다.
InitializeBuildStatus:
  "AlwaysCreate"이(가) 지정되었기 때문에 "Debug\CompilerIdCXX.tlog\unsuccessfulbuild"을(를) 만들고 있습니다.
VcpkgTripletSelection:
  Using triplet "x64-windows" from "D:\vcpkg\installed\x64-windows\"
ClCompile:
  C:\Program Files (x86)\Microsoft Visual Studio\2017\Professional\VC\Tools\MSVC\14.16.27023\bin\HostX86\x64\CL.exe /c /I"D:\vcpkg\installed\x64-windows\include" /nologo /W0 /WX- /diagnostics:classic /Od /D _MBCS /Gm- /EHsc /RTC1 /MDd /GS /fp:precise /Zc:wchar_t /Zc:forScope /Zc:inline /Fo"Debug\\" /Fd"Debug\vc141.pdb" /Gd /TP /FC /errorReport:queue CMakeCXXCompilerId.cpp
  CMakeCXXCompilerId.cpp
c1xx : fatal error C1083: 소스 파일을 열 수 없습니다. 'CMakeCXXCompilerId.cpp': No such file or directory [Z:\home\jenkins\Projects\MetatagEX\CMakeFiles\3.22.1\CompilerIdCXX\CompilerIdCXX.vcxproj]
"Z:\home\jenkins\Projects\MetatagEX\CMakeFiles\3.22.1\CompilerIdCXX\CompilerIdCXX.vcxproj" 프로젝트를 빌드했습니다(기본 대상). - 실패

빌드하지 못했습니다.

"Z:\home\jenkins\Projects\MetatagEX\CMakeFiles\3.22.1\CompilerIdCXX\CompilerIdCXX.vcxproj"(기본 대상)(1)->
(ClCompile 대상) -> 
  c1xx : fatal error C1083: 소스 파일을 열 수 없습니다. 'CMakeCXXCompilerId.cpp': No such file or directory [Z:\home\jenkins\Projects\MetatagEX\CMakeFiles\3.22.1\CompilerIdCXX\CompilerIdCXX.vcxproj]

    경고 0개
    오류 1개

경과 시간: 00:00:00.39


